2025-11-25 15:15:07,833 - User: Anonymous - Path: /
2025-11-25 15:15:08,110 - User: Anonymous - Path: /favicon.ico
2025-11-25 15:16:39,577 - User: Anonymous - Path: /admin/
2025-11-25 15:16:39,634 - User: Anonymous - Path: /admin/login/
2025-11-25 15:16:49,275 - User: Anonymous - Path: /api/
2025-11-25 15:16:59,748 - User: Anonymous - Path: /api-auth/
2025-11-25 21:23:32,228 - User: Anonymous - Path: /
2025-11-25 21:23:36,741 - User: Anonymous - Path: /
2025-11-25 21:23:46,885 - User: Anonymous - Path: /api/
2025-11-25 21:24:10,168 - User: Anonymous - Path: /api/chat/
2025-11-25 21:24:20,065 - User: Anonymous - Path: /api/chat/test-chat/
2025-11-25 21:26:52,258 - User: Anonymous - Path: /api/chat/test-chat/
2025-11-25 21:29:25,377 - User: Anonymous - Path: /api/conversations/
2025-11-25 21:29:39,704 - User: Anonymous - Path: /api/messages/
2025-11-25 21:29:41,659 - User: Anonymous - Path: /api/messages/
2025-11-25 21:30:24,408 - User: Anonymous - Path: /api/messages/
2025-11-25 21:30:35,482 - User: Anonymous - Path: /api/messages/
2025-11-25 21:42:29,900 - User: Anonymous - Path: /api/messages/
2025-11-25 21:42:47,116 - User: Anonymous - Path: /api/messages/
2025-11-25 21:42:48,724 - User: Anonymous - Path: /api/messages/
2025-11-25 21:42:50,092 - User: Anonymous - Path: /api/messages/
2025-11-25 21:42:51,492 - User: Anonymous - Path: /api/messages/
2025-11-25 21:42:52,961 - User: Anonymous - Path: /api/messages/
2025-11-25 21:42:54,512 - User: Anonymous - Path: /api/messages/
2025-11-25 21:42:55,925 - User: Anonymous - Path: /api/messages/
2025-11-25 21:42:57,323 - User: Anonymous - Path: /api/messages/
2025-11-25 21:42:58,730 - User: Anonymous - Path: /api/messages/
2025-11-25 21:43:00,360 - User: Anonymous - Path: /api/messages/
2025-11-25 21:43:01,617 - User: Anonymous - Path: /api/messages/
2025-11-25 21:43:03,066 - User: Anonymous - Path: /api/messages/
2025-11-25 21:43:04,338 - User: Anonymous - Path: /api/messages/
2025-11-25 21:43:56,915 - User: Anonymous - Path: /api/messages/
2025-11-25 21:43:58,289 - User: Anonymous - Path: /api/messages/
2025-11-25 21:43:59,408 - User: Anonymous - Path: /api/messages/
2025-11-25 21:44:00,793 - User: Anonymous - Path: /api/messages/
2025-11-25 21:44:02,058 - User: Anonymous - Path: /api/messages/
2025-11-25 21:44:03,448 - User: Anonymous - Path: /api/messages/
2025-11-25 21:44:04,726 - User: Anonymous - Path: /api/messages/
2025-11-25 21:44:06,128 - User: Anonymous - Path: /api/messages/
2025-11-25 21:44:07,361 - User: Anonymous - Path: /api/messages/
2025-11-25 21:45:18,477 - User: Anonymous - Path: /api/messages/
2025-11-25 21:45:20,407 - User: Anonymous - Path: /api/messages/
2025-11-25 21:45:22,111 - User: Anonymous - Path: /api/messages/
2025-11-25 21:45:23,663 - User: Anonymous - Path: /api/messages/
2025-11-25 21:45:25,251 - User: Anonymous - Path: /api/messages/
2025-11-25 21:45:26,827 - User: Anonymous - Path: /api/messages/
2025-11-25 21:45:28,327 - User: Anonymous - Path: /api/messages/
2025-11-25 21:46:20,571 - User: Anonymous - Path: /api/messages/
2025-11-25 21:46:22,130 - User: Anonymous - Path: /api/messages/
2025-11-25 21:46:23,511 - User: Anonymous - Path: /api/messages/
2025-11-25 21:46:24,790 - User: Anonymous - Path: /api/messages/
2025-11-25 21:46:26,130 - User: Anonymous - Path: /api/messages/
2025-11-25 21:46:27,410 - User: Anonymous - Path: /api/messages/
2025-11-25 21:46:28,763 - User: Anonymous - Path: /api/messages/
2025-11-25 21:46:30,161 - User: Anonymous - Path: /api/messages/
2025-11-25 21:46:31,593 - User: Anonymous - Path: /api/messages/
2025-11-25 21:46:33,045 - User: Anonymous - Path: /api/messages/
2025-11-25 21:47:09,408 - User: Anonymous - Path: /api/messages/
2025-11-25 21:47:10,709 - User: Anonymous - Path: /api/messages/
2025-11-25 21:47:11,986 - User: Anonymous - Path: /api/messages/
2025-11-25 21:47:13,329 - User: Anonymous - Path: /api/messages/
2025-11-25 21:47:14,575 - User: Anonymous - Path: /api/messages/
2025-11-25 21:47:15,804 - User: Anonymous - Path: /api/messages/
2025-11-25 21:47:17,050 - User: Anonymous - Path: /api/messages/
2025-11-25 21:47:18,440 - User: Anonymous - Path: /api/messages/
2025-11-25 21:47:19,513 - User: Anonymous - Path: /api/messages/
2025-11-25 21:47:20,760 - User: Anonymous - Path: /api/messages/
2025-11-25 21:47:21,998 - User: Anonymous - Path: /api/messages/
2025-11-25 21:47:23,312 - User: Anonymous - Path: /api/messages/
2025-11-25 21:47:24,548 - User: Anonymous - Path: /api/messages/
2025-11-25 21:47:25,772 - User: Anonymous - Path: /api/messages/
2025-11-25 21:47:26,828 - User: Anonymous - Path: /api/messages/
2025-11-25 21:50:29,260 - User: Anonymous - Path: /api/test-rate-limit/
2025-11-25 21:51:45,373 - User: Anonymous - Path: /api/test-rate-limit/
2025-11-25 21:51:46,098 - User: Anonymous - Path: /api/test-rate-limit/
2025-11-25 21:51:46,529 - User: Anonymous - Path: /api/test-rate-limit/
2025-11-25 21:51:46,820 - User: Anonymous - Path: /api/test-rate-limit/
2025-11-25 21:51:47,157 - User: Anonymous - Path: /api/test-rate-limit/
2025-11-25 21:52:13,976 - User: Anonymous - Path: /api/messages/
2025-11-25 21:52:15,961 - User: Anonymous - Path: /api/messages/
2025-11-25 21:52:17,615 - User: Anonymous - Path: /api/messages/
2025-11-25 21:52:19,266 - User: Anonymous - Path: /api/messages/
2025-11-25 21:52:20,918 - User: Anonymous - Path: /api/messages/
2025-11-25 21:52:22,684 - User: Anonymous - Path: /api/messages/
2025-11-25 21:52:24,227 - User: Anonymous - Path: /api/messages/
2025-11-25 21:56:21,859 - User: Anonymous - Path: /api/messages/
2025-11-25 21:56:24,616 - User: Anonymous - Path: /api/messages/
2025-11-25 21:56:26,027 - User: Anonymous - Path: /api/messages/
2025-11-25 21:56:27,462 - User: Anonymous - Path: /api/messages/
2025-11-25 21:56:28,738 - User: Anonymous - Path: /api/messages/
2025-11-25 21:56:30,074 - User: Anonymous - Path: /api/messages/
2025-11-25 21:56:31,479 - User: Anonymous - Path: /api/messages/
2025-11-25 21:56:33,028 - User: Anonymous - Path: /api/messages/
2025-11-25 21:56:34,578 - User: Anonymous - Path: /api/messages/
2025-11-25 21:57:35,311 - User: Anonymous - Path: /api/messages/
2025-11-25 21:57:35,315 - User: Anonymous - Path: /api/messages/
2025-11-25 21:57:35,396 - User: Anonymous - Path: /api/messages/
2025-11-25 21:57:36,571 - User: Anonymous - Path: /api/messages/
2025-11-25 21:57:40,293 - User: Anonymous - Path: /api/messages/
2025-11-25 21:57:43,151 - User: Anonymous - Path: /api/messages/
2025-11-25 21:57:51,731 - User: Anonymous - Path: /api/messages/
2025-11-25 21:58:38,540 - User: Anonymous - Path: /api/messages/
2025-11-25 21:58:50,430 - User: Anonymous - Path: /api/messages/
2025-11-25 21:58:55,822 - User: Anonymous - Path: /api/messages/
2025-11-25 22:00:27,251 - User: Anonymous - Path: /api/messages/
2025-11-25 22:00:27,343 - User: Anonymous - Path: /api/messages/
2025-11-25 22:00:27,437 - User: Anonymous - Path: /api/messages/
2025-11-25 22:00:27,522 - User: Anonymous - Path: /api/messages/
2025-11-25 22:00:27,610 - User: Anonymous - Path: /api/messages/
2025-11-25 22:00:27,736 - User: Anonymous - Path: /api/messages/
2025-11-25 22:01:14,639 - User: Anonymous - Path: /api/messages/
2025-11-25 22:01:14,772 - User: Anonymous - Path: /api/messages/
2025-11-25 22:01:14,896 - User: Anonymous - Path: /api/messages/
2025-11-25 22:01:15,012 - User: Anonymous - Path: /api/messages/
2025-11-25 22:01:15,146 - User: Anonymous - Path: /api/messages/
2025-11-25 22:01:15,266 - User: Anonymous - Path: /api/messages/
2025-11-25 22:15:30,669 - User: Anonymous - Path: /api/admin-action/
2025-11-25 22:15:55,147 - User: Anonymous - Path: /api/moderator-action/
2025-11-25 22:16:03,014 - User: Anonymous - Path: /api/conversations/1/delete/
2025-11-25 22:16:41,390 - User: Anonymous - Path: /api/messages/
2025-11-25 22:19:59,356 - User: Anonymous - Path: /api/admin-action/
2025-11-25 22:20:21,731 - User: Anonymous - Path: /api/moderator-action/
2025-11-25 22:20:29,389 - User: Anonymous - Path: /api/conversations/1/delete/
